<?xml version="1.0" encoding="UTF-8"?>
<!-- Generated by org.testng.reporters.JUnitReportReporter -->
<testsuite hostname="DESKTOP-33TILLP" failures="0" tests="5" name="com.usersapi.testcases.TC04_Put_User" time="0.013" errors="0" timestamp="14 Jan 2024 11:24:56 GMT" skipped="0">
  <testcase classname="com.usersapi.testcases.TC04_Put_User" name="contenttypecheck" time="0.002"/>
  <testcase classname="com.usersapi.testcases.TC04_Put_User" name="statuscodecheck" time="0.005"/>
  <testcase classname="com.usersapi.testcases.TC04_Put_User" name="responsebodyputcheck" time="0.000"/>
  <testcase classname="com.usersapi.testcases.TC04_Put_User" name="responsebodycheck" time="0.001"/>
  <testcase classname="com.usersapi.testcases.TC04_Put_User" name="statuslinecheck" time="0.005"/>
</testsuite> <!-- com.usersapi.testcases.TC04_Put_User -->
