<?xml version="1.0" encoding="UTF-8"?>
<!-- Generated by org.testng.reporters.JUnitReportReporter -->
<testsuite hostname="DESKTOP-33TILLP" failures="0" tests="4" name="com.employeeapi.testcases.TC01_GetAllEmployees" time="0.056" errors="0" timestamp="02 Dec 2023 13:46:08 GMT" skipped="0">
  <testcase classname="com.employeeapi.testcases.TC01_GetAllEmployees" name="responsebodycheck" time="0.036"/>
  <testcase classname="com.employeeapi.testcases.TC01_GetAllEmployees" name="statuscodecheck" time="0.000"/>
  <testcase classname="com.employeeapi.testcases.TC01_GetAllEmployees" name="statuslinecheck" time="0.015"/>
  <testcase classname="com.employeeapi.testcases.TC01_GetAllEmployees" name="contenttypecheck" time="0.005"/>
</testsuite> <!-- com.employeeapi.testcases.TC01_GetAllEmployees -->
