<?xml version="1.0" encoding="UTF-8"?>
<!-- Generated by org.testng.reporters.JUnitReportReporter -->
<testsuite hostname="DESKTOP-33TILLP" failures="0" tests="4" name="com.usersapi.testcases.TC01_Get_All_Users" time="0.068" errors="0" timestamp="14 Jan 2024 11:24:56 GMT" skipped="0">
  <testcase classname="com.usersapi.testcases.TC01_Get_All_Users" name="responsebodycheck" time="0.035"/>
  <testcase classname="com.usersapi.testcases.TC01_Get_All_Users" name="statuslinecheck" time="0.004"/>
  <testcase classname="com.usersapi.testcases.TC01_Get_All_Users" name="statuscodecheck" time="0.005"/>
  <testcase classname="com.usersapi.testcases.TC01_Get_All_Users" name="contenttypecheck" time="0.024"/>
</testsuite> <!-- com.usersapi.testcases.TC01_Get_All_Users -->
