<?xml version="1.0" encoding="UTF-8"?>
<!-- Generated by org.testng.reporters.JUnitReportReporter -->
<testsuite hostname="DESKTOP-33TILLP" failures="0" tests="3" name="com.usersapi.testcases.TC03_Post_New_User22" time="13.239" errors="0" timestamp="14 Jan 2024 09:32:08 GMT" skipped="0">
  <testcase classname="com.usersapi.testcases.TC03_Post_New_User22" name="postnewuser" time="4.003"/>
  <testcase classname="com.usersapi.testcases.TC03_Post_New_User22" name="postnewuser" time="3.846"/>
  <testcase classname="com.usersapi.testcases.TC03_Post_New_User22" name="postnewuser" time="5.390"/>
</testsuite> <!-- com.usersapi.testcases.TC03_Post_New_User22 -->
