<?xml version="1.0" encoding="UTF-8"?>
<!-- Generated by org.testng.reporters.JUnitReportReporter -->
<testsuite hostname="DESKTOP-33TILLP" failures="0" tests="3" name="com.usersapi.testcases.TC03_Post_New_User_UsingDataDrivenTest" time="11.502" errors="0" timestamp="14 Jan 2024 11:23:38 GMT" skipped="0">
  <testcase classname="com.usersapi.testcases.TC03_Post_New_User_UsingDataDrivenTest" name="postnewuser" time="3.832"/>
  <testcase classname="com.usersapi.testcases.TC03_Post_New_User_UsingDataDrivenTest" name="postnewuser" time="3.810"/>
  <testcase classname="com.usersapi.testcases.TC03_Post_New_User_UsingDataDrivenTest" name="postnewuser" time="3.860"/>
</testsuite> <!-- com.usersapi.testcases.TC03_Post_New_User_UsingDataDrivenTest -->
