<?xml version="1.0" encoding="UTF-8"?>
<!-- Generated by org.testng.reporters.JUnitReportReporter -->
<testsuite hostname="DESKTOP-33TILLP" failures="0" tests="2" name="com.usersapi.testcases.TC05_Delete_User" time="0.005" errors="0" timestamp="14 Jan 2024 11:24:56 GMT" skipped="0">
  <testcase classname="com.usersapi.testcases.TC05_Delete_User" name="statuscodecheck" time="0.003"/>
  <testcase classname="com.usersapi.testcases.TC05_Delete_User" name="statuslinecheck" time="0.002"/>
</testsuite> <!-- com.usersapi.testcases.TC05_Delete_User -->
