<?xml version="1.0" encoding="UTF-8"?>
<!-- Generated by org.testng.reporters.JUnitReportReporter -->
<testsuite hostname="DESKTOP-33TILLP" failures="0" tests="4" name="com.usersapi.testcases.TC02_Get_Single_User" time="0.032" errors="0" timestamp="14 Jan 2024 11:24:56 GMT" skipped="0">
  <testcase classname="com.usersapi.testcases.TC02_Get_Single_User" name="responsebodycheck" time="0.009"/>
  <testcase classname="com.usersapi.testcases.TC02_Get_Single_User" name="statuslinecheck" time="0.005"/>
  <testcase classname="com.usersapi.testcases.TC02_Get_Single_User" name="contenttypecheck" time="0.008"/>
  <testcase classname="com.usersapi.testcases.TC02_Get_Single_User" name="statuscodecheck" time="0.010"/>
</testsuite> <!-- com.usersapi.testcases.TC02_Get_Single_User -->
